<?xml version="1.0" encoding="UTF-8"?>
<!-- Generated by org.testng.reporters.JUnitReportReporter -->
<testsuite hostname="Data-Science" name="Runners._02_RunnerWithPlugin" tests="1" failures="0" timestamp="12 Oct 2022 17:52:58 GMT" time="31.834" errors="0">
  <testcase name="runScenario" time="31.834" classname="Runners._02_RunnerWithPlugin"/>
</testsuite> <!-- Runners._02_RunnerWithPlugin -->
